"==== 1) Endpoint inseguro (HTTP) ====" 
HTTP/1.1 200 OK
Server: Werkzeug/3.1.3 Python/3.13.6
Date: Mon, 06 Oct 2025 14:32:49 GMT
Content-Type: text/html; charset=utf-8
Content-Length: 530
Connection: close

<!-- Plantilla para el endpoint inseguro -->
<!DOCTYPE html>
<html lang="es">

<head>
    <meta charset="UTF-8">
    <title>Endpoint Inseguro</title>
    <link rel="stylesheet" href="/static/inseguro.css">
</head>

<body>
    <div class="container">
        <h1>Endpoint Inseguro</h1>
        <p>Esta página está accesible sin autenticación y puede ser servida por <b>HTTP</b>.</p>
        <p>Esto demuestra un comportamiento <strong>no seguro</strong>.</p>

        <a href="/">Volver al inicio</a>
    </div>
</body>

"==== 2) Endpoint seguro (HTTP) / sin cifrar ====" 
</html>
HTTP/1.1 401 UNAUTHORIZED
Server: Werkzeug/3.1.3 Python/3.13.6
Date: Mon, 06 Oct 2025 14:33:57 GMT
Content-Type: text/html; charset=utf-8
Content-Length: 511
Connection: close

<!-- Plantilla para el acceso no autorizado en la página segura de https -->
<!DOCTYPE html>
<html lang="es">

<head>
    <meta charset="UTF-8">
    <title>Acceso Denegado</title>
    <link rel="stylesheet" href="/static/noauth.css">
</head>

<body>
    <div class="container">
        <h1>Acceso No Autorizado</h1>
        <p>Debes iniciar sesión para acceder a esta página.</p>
        <a href="/">Volver al menú principal</a>
        <a href="/login">Ir a iniciar sesión</a>
    </div>
</body>

"==== 3) Endpoint seguro con cifrado y login ====" 
</html>
  % Total    % Received % Xferd  Average Speed   Time    Time     Time  Current
                                 Dload  Upload   Total   Spent    Left  Speed

  0     0    0     0    0     0      0      0 --:--:-- --:--:-- --:--:--     0
100   774  100   774    0     0  99498      0 --:--:-- --:--:-- --:--:--  107k

HTTP/1.1 200 OK
Server: Werkzeug/3.1.3 Python/3.13.6
Date: Mon, 06 Oct 2025 14:37:46 GMT
Content-Type: text/html; charset=utf-8
Content-Length: 774
Vary: Cookie
Set-Cookie: session=eyJjc3JmX3Rva2VuIjoiYWZlMDk5M2Q5NzVlMDBlYzhjNWNkOTc0MTViYzFlNDlkYjM5ZDZkNiJ9.aOPUOg.Wtt49CxyyKUDUNJ4UtI4adXgdhA; HttpOnly; Path=/; SameSite=Lax
Connection: close

<!-- Plantilla para el login -->
<!DOCTYPE html>
<html>

<head>
    <title>Login</title>>
    <link rel="stylesheet" href="/static/login.css">
</head>

<body>
    <div class="container">
        <h1>Login</h1>
        

        <form method="POST">

            <input type="hidden" name="csrf_token" value="ImFmZTA5OTNkOTc1ZTAwZWM4YzVjZDk3NDE1YmMxZTQ5ZGIzOWQ2ZDYi.aOPUOg.KjFRvrHBN3knk1rav3TWwDRVdc8"/>


            <label>Usuario: <input type="text" name="username"></label><br>
            <label>Contraseña: <input type="password" name="password"></label><br>
            <button type="submit">Iniciar sesión</button>
        </form>

        <a href="/">Volver a la página de inicio</a><br>
        <a href="/register">No tengo cuenta</a>
    </div>
</body>

</html>